Flutter crash report.
Please report a bug at https://github.com/flutter/flutter/issues.

## command

flutter run

## exception

FileSystemException: FileSystemException: readInto failed, path = 'C:\Users\tzewei\OneDrive\Desktop\flutter\packages\flutter_test\pubspec.yaml' (OS Error: The cloud operation was not completed before the time-out period expired.
, errno = 426)

```
#0      _checkForErrorResponse (dart:io/common.dart:58:9)
#1      _RandomAccessFile.readInto.<anonymous closure> (dart:io/file_impl.dart:928:7)
#2      _rootRunUnary (dart:async/zone.dart:1538:47)
#3      _CustomZone.runUnary (dart:async/zone.dart:1429:19)
<asynchronous suspension>
#4      _File.readAsBytes.readSized.read.<anonymous closure> (dart:io/file_impl.dart:629:78)
<asynchronous suspension>
```

## flutter doctor

```
[32m[✓][39m Flutter (Channel stable, 3.35.2, on Microsoft Windows [Version 10.0.22631.6199], locale
    en-MY) [644ms]
    [32m•[39m Flutter version 3.35.2 on channel stable at C:\Users\tzewei\OneDrive\Desktop\flutter
    [32m•[39m Upstream repository https://github.com/flutter/flutter.git
    [32m•[39m Framework revision 05db968908 (8 months ago), 2025-08-25 10:21:35 -0700
    [32m•[39m Engine revision a8bfdfc394
    [32m•[39m Dart version 3.9.0
    [32m•[39m DevTools version 2.48.0
    [32m•[39m Feature flags: enable-web, enable-linux-desktop, enable-macos-desktop,
      enable-windows-desktop, enable-android, enable-ios, cli-animations, enable-lldb-debugging

[32m[✓][39m Windows Version (11 Home Single Language 64-bit, 23H2, 2009) [8.0s]

[32m[✓][39m Android toolchain - develop for Android devices (Android SDK version 36.1.0-rc1) [5.6s]
    [32m•[39m Android SDK at C:\Users\tzewei\AppData\Local\Android\Sdk
    [32m•[39m Emulator version 36.1.9.0 (build_id 13823996) (CL:N/A)
    [32m•[39m Platform android-36, build-tools 36.1.0-rc1
    [32m•[39m ANDROID_HOME = C:\Users\tzewei\AppData\Local\Android\Sdk
    [32m•[39m Java binary at: C:\Program Files\Android\Android Studio\jbr\bin\java
      This is the JDK bundled with the latest Android Studio installation on this machine.
      To manually set the JDK path, use: `flutter config --jdk-dir="path/to/jdk"`.
    [32m•[39m Java version OpenJDK Runtime Environment (build 21.0.7+-13880790-b1038.58)
    [32m•[39m All Android licenses accepted.

[32m[✓][39m Chrome - develop for the web [158ms]
    [32m•[39m Chrome at C:\Program Files\Google\Chrome\Application\chrome.exe

[32m[✓][39m Visual Studio - develop Windows apps (Visual Studio Community 2022 17.14.16) [157ms]
    [32m•[39m Visual Studio at D:\Microsoft Visual Studio 2022
    [32m•[39m Visual Studio Community 2022 version 17.14.36518.9
    [32m•[39m Windows 10 SDK version 10.0.26100.0

[32m[✓][39m Android Studio (version 2025.1.3) [11ms]
    [32m•[39m Android Studio at C:\Program Files\Android\Android Studio
    [32m•[39m Flutter plugin can be installed from:
      🔨 https://plugins.jetbrains.com/plugin/9212-flutter
    [32m•[39m Dart plugin can be installed from:
      🔨 https://plugins.jetbrains.com/plugin/6351-dart
    [32m•[39m Java version OpenJDK Runtime Environment (build 21.0.7+-13880790-b1038.58)

[32m[✓][39m VS Code (version unknown) [7ms]
    [32m•[39m VS Code at C:\Users\tzewei\AppData\Local\Programs\Microsoft VS Code
    [32m•[39m Flutter extension version 3.132.0
    [31m✗[39m Unable to determine VS Code version.

[32m[✓][39m Connected device (3 available) [327ms]
    [32m•[39m Windows (desktop) • windows • windows-x64    • Microsoft Windows [Version
      10.0.22631.6199]
    [32m•[39m Chrome (web)      • chrome  • web-javascript • Google Chrome 147.0.7727.116
    [32m•[39m Edge (web)        • edge    • web-javascript • Microsoft Edge 147.0.3912.72

[32m[✓][39m Network resources [4.0s]
    [32m•[39m All expected network resources are available.

[32m•[39m No issues found!
```
