Flutter crash report.
Please report a bug at https://github.com/flutter/flutter/issues.

## command

flutter run --machine --start-paused -d windows --devtools-server-address http://127.0.0.1:9100/ --target C:\flutter_application_1\lib\main.dart

## exception

FileSystemException: FileSystemException: readInto failed, path = 'C:\Users\tzewei\OneDrive\Desktop\flutter\packages\flutter_test\pubspec.yaml' (OS Error: The cloud operation was unsuccessful.
, errno = 389)

```
#0      _checkForErrorResponse (dart:io/common.dart:58:9)
#1      _RandomAccessFile.readInto.<anonymous closure> (dart:io/file_impl.dart:928:7)
#2      _rootRunUnary (dart:async/zone.dart:1538:47)
#3      _CustomZone.runUnary (dart:async/zone.dart:1429:19)
<asynchronous suspension>
#4      _File.readAsBytes.readSized.read.<anonymous closure> (dart:io/file_impl.dart:629:78)
<asynchronous suspension>
```

## flutter doctor

```
[✓] Flutter (Channel stable, 3.35.2, on Microsoft Windows [Version 10.0.22631.5624], locale en-MY) [465ms]
    • Flutter version 3.35.2 on channel stable at C:\Users\tzewei\OneDrive\Desktop\flutter
    • Upstream repository https://github.com/flutter/flutter.git
    • Framework revision 05db968908 (4 weeks ago), 2025-08-25 10:21:35 -0700
    • Engine revision a8bfdfc394
    • Dart version 3.9.0
    • DevTools version 2.48.0
    • Feature flags: enable-web, enable-linux-desktop, enable-macos-desktop, enable-windows-desktop, enable-android, enable-ios, cli-animations, enable-lldb-debugging

[✓] Windows Version (11 Home Single Language 64-bit, 23H2, 2009) [9.6s]

[✓] Android toolchain - develop for Android devices (Android SDK version 36.1.0-rc1) [8.0s]
    • Android SDK at C:\Users\tzewei\AppData\Local\Android\Sdk
    • Emulator version 36.1.9.0 (build_id 13823996) (CL:N/A)
    • Platform android-36, build-tools 36.1.0-rc1
    • ANDROID_HOME = C:\Users\tzewei\AppData\Local\Android\Sdk
    • Java binary at: C:\Program Files\Android\Android Studio\jbr\bin\java
      This is the JDK bundled with the latest Android Studio installation on this machine.
      To manually set the JDK path, use: `flutter config --jdk-dir="path/to/jdk"`.
    • Java version OpenJDK Runtime Environment (build 21.0.7+-13880790-b1038.58)
    • All Android licenses accepted.

[✓] Chrome - develop for the web [158ms]
    • Chrome at C:\Program Files\Google\Chrome\Application\chrome.exe

[✓] Visual Studio - develop Windows apps (Visual Studio Enterprise 2022 17.6.3) [157ms]
    • Visual Studio at C:\Program Files\Microsoft Visual Studio\2022\Enterprise
    • Visual Studio Enterprise 2022 version 17.6.33801.468
    • Windows 10 SDK version 10.0.22000.0

[✓] Android Studio (version 2025.1.3) [10ms]
    • Android Studio at C:\Program Files\Android\Android Studio
    • Flutter plugin can be installed from:
      🔨 https://plugins.jetbrains.com/plugin/9212-flutter
    • Dart plugin can be installed from:
      🔨 https://plugins.jetbrains.com/plugin/6351-dart
    • Java version OpenJDK Runtime Environment (build 21.0.7+-13880790-b1038.58)

[✓] VS Code (version 1.104.1) [8ms]
    • VS Code at C:\Users\tzewei\AppData\Local\Programs\Microsoft VS Code
    • Flutter extension version 3.118.0

[✓] Connected device (3 available) [566ms]
    • Windows (desktop) • windows • windows-x64    • Microsoft Windows [Version 10.0.22631.5624]
    • Chrome (web)      • chrome  • web-javascript • Google Chrome 140.0.7339.185
    • Edge (web)        • edge    • web-javascript • Microsoft Edge 140.0.3485.81

[✓] Network resources [432ms]
    • All expected network resources are available.

• No issues found!
```
